<?xml version="1.0" encoding="UTF-8"?>
<coverage generated="1598157909380" clover="3.2.0">
  <project timestamp="1598157909380" name="All files">
    <metrics statements="16" coveredstatements="6" conditionals="0" coveredconditionals="0" methods="6" coveredmethods="1" elements="22" coveredelements="7" complexity="0" loc="16" ncloc="16" packages="1" files="3" classes="3"/>
    <file name="app.js" path="C:\Users\Anti-Malware\Desktop\testing\src\app.js">
      <metrics statements="6" coveredstatements="6" conditionals="0" coveredconditionals="0" methods="1" coveredmethods="1"/>
      <line num="1" count="1" type="stmt"/>
      <line num="2" count="1" type="stmt"/>
      <line num="4" count="1" type="stmt"/>
      <line num="6" count="1" type="stmt"/>
      <line num="7" count="1" type="stmt"/>
      <line num="10" count="1" type="stmt"/>
    </file>
    <file name="hello.js" path="C:\Users\Anti-Malware\Desktop\testing\src\hello.js">
      <metrics statements="2" coveredstatements="0" conditionals="0" coveredconditionals="0" methods="1" coveredmethods="0"/>
      <line num="2" count="0" type="stmt"/>
      <line num="5" count="0" type="stmt"/>
    </file>
    <file name="mtk.js" path="C:\Users\Anti-Malware\Desktop\testing\src\mtk.js">
      <metrics statements="8" coveredstatements="0" conditionals="0" coveredconditionals="0" methods="4" coveredmethods="0"/>
      <line num="1" count="0" type="stmt"/>
      <line num="2" count="0" type="stmt"/>
      <line num="4" count="0" type="stmt"/>
      <line num="5" count="0" type="stmt"/>
      <line num="7" count="0" type="stmt"/>
      <line num="8" count="0" type="stmt"/>
      <line num="10" count="0" type="stmt"/>
      <line num="11" count="0" type="stmt"/>
    </file>
  </project>
</coverage>
